<?xml version='1.0'?>
<ns2:test-suite xmlns:ns2='urn:model.allure.qatools.yandex.ru' start='1678816883936' stop='1678816903752'>
    <name>Pesquisa de artigos:</name>
    <title>Pesquisa de artigos:</title>
    <test-cases>
        <test-case start='1678816893611' status='failed' stop='1678816898371'>
            <name>Pesquisar artigos com palavra-chave</name>
            <title>Pesquisar artigos com palavra-chave</title>
            <labels>
                <label name='language' value='javascript'/>
                <label name='framework' value='codeceptjs'/>
            </labels>
            <parameters/>
            <steps>
                <step start='1678816895465' status='passed' stop='1678816898369'>
                    <name>I am on page "/"</name>
                    <title>I am on page "/"</title>
                    <attachments>
                        <attachment title='Screenshot of step I am on page "/"' source='71ab19e9-be57-4b43-a003-55342e69fe5a-attachment.png' type='image/png' size='1309709'/>
                    </attachments>
                    <steps/>
                </step>
            </steps>
            <attachments/>
            <failure>
                <message>text is not defined</message>
                <stack-trace>ReferenceError: text is not defined
                    at Object.searchFor (C:\Users\digit\Downloads\agibankblog\pages\search_page.js:11:42)
                    at MetaStep.run (C:\Users\digit\Downloads\agibankblog\node_modules\codeceptjs\lib\step.js:285:21)
                    at Test.&lt;anonymous> (C:\Users\digit\Downloads\agibankblog\steps\search_test.js:10:15)
                    at test.fn (C:\Users\digit\Downloads\agibankblog\node_modules\codeceptjs\lib\scenario.js:92:14)
                    at callFnAsync (C:\Users\digit\Downloads\agibankblog\node_modules\mocha\lib\runnable.js:394:21)
                    at Runnable.run (C:\Users\digit\Downloads\agibankblog\node_modules\mocha\lib\runnable.js:338:7)
                    at Runner.runTest (C:\Users\digit\Downloads\agibankblog\node_modules\mocha\lib\runner.js:666:10)
                    at C:\Users\digit\Downloads\agibankblog\node_modules\mocha\lib\runner.js:789:12
                    at next (C:\Users\digit\Downloads\agibankblog\node_modules\mocha\lib\runner.js:581:14)
                    at C:\Users\digit\Downloads\agibankblog\node_modules\mocha\lib\runner.js:591:7</stack-trace>
            </failure>
        </test-case>
        <test-case start='1678816898399' status='failed' stop='1678816903728'>
            <name>Pesquisar artigos sem texto</name>
            <title>Pesquisar artigos sem texto</title>
            <labels>
                <label name='language' value='javascript'/>
                <label name='framework' value='codeceptjs'/>
            </labels>
            <parameters/>
            <steps>
                <step start='1678816899966' status='passed' stop='1678816902927'>
                    <name>I am on page "/"</name>
                    <title>I am on page "/"</title>
                    <attachments>
                        <attachment title='Screenshot of step I am on page "/"' source='3d126eda-69a3-471d-837a-133d41064a66-attachment.png' type='image/png' size='1585248'/>
                    </attachments>
                    <steps/>
                </step>
                <step start='1678816902928' status='failed' stop='1678816903728'>
                    <name>search_page: clickSearch </name>
                    <title>search_page: clickSearch </title>
                    <attachments/>
                    <steps>
                        <step start='1678816902928' status='failed' stop='1678816903727'>
                            <name>I click ".input.search-submit"</name>
                            <title>I click ".input.search-submit"</title>
                            <attachments/>
                            <steps/>
                        </step>
                    </steps>
                </step>
            </steps>
            <attachments/>
            <failure>
                <message>Clickable element ".input.search-submit" was not found by text|CSS|XPath</message>
                <stack-trace>Error: Clickable element ".input.search-submit" was not found by text|CSS|XPath
                    at new ElementNotFound (C:\Users\digit\Downloads\agibankblog\node_modules\codeceptjs\lib\helper\errors\ElementNotFound.js:14:11)
                    at assertElementExists (C:\Users\digit\Downloads\agibankblog\node_modules\codeceptjs\lib\helper\WebDriver.js:2705:11)
                    at WebDriver.click (C:\Users\digit\Downloads\agibankblog\node_modules\codeceptjs\lib\helper\WebDriver.js:914:7)
                    at process.processTicksAndRejections (node:internal/process/task_queues:95:5)</stack-trace>
            </failure>
        </test-case>
    </test-cases>
</ns2:test-suite>