<?xml version='1.0'?>
<ns2:test-suite xmlns:ns2='urn:model.allure.qatools.yandex.ru' start='1678815460408' stop='1678815480255'>
    <name>Pesquisa de artigos:</name>
    <title>Pesquisa de artigos:</title>
    <test-cases>
        <test-case start='1678815469868' status='failed' stop='1678815474678'>
            <name>Pesquisar artigos com palavra-chave</name>
            <title>Pesquisar artigos com palavra-chave</title>
            <labels>
                <label name='language' value='javascript'/>
                <label name='framework' value='codeceptjs'/>
            </labels>
            <parameters/>
            <steps>
                <step start='1678815471704' status='passed' stop='1678815474676'>
                    <name>I am on page "/"</name>
                    <title>I am on page "/"</title>
                    <attachments>
                        <attachment title='Screenshot of step I am on page "/"' source='42e26b93-44c3-409f-bad7-e18bdd18e6b7-attachment.png' type='image/png' size='1609899'/>
                    </attachments>
                    <steps/>
                </step>
            </steps>
            <attachments/>
            <failure>
                <message>text is not defined</message>
                <stack-trace>ReferenceError: text is not defined
                    at Object.searchFor (C:\Users\digit\Downloads\agibankblog\pages\search_page.js:10:42)
                    at MetaStep.run (C:\Users\digit\Downloads\agibankblog\node_modules\codeceptjs\lib\step.js:285:21)
                    at Test.&lt;anonymous> (C:\Users\digit\Downloads\agibankblog\steps\search_test.js:10:15)
                    at test.fn (C:\Users\digit\Downloads\agibankblog\node_modules\codeceptjs\lib\scenario.js:92:14)
                    at callFnAsync (C:\Users\digit\Downloads\agibankblog\node_modules\mocha\lib\runnable.js:394:21)
                    at Runnable.run (C:\Users\digit\Downloads\agibankblog\node_modules\mocha\lib\runnable.js:338:7)
                    at Runner.runTest (C:\Users\digit\Downloads\agibankblog\node_modules\mocha\lib\runner.js:666:10)
                    at C:\Users\digit\Downloads\agibankblog\node_modules\mocha\lib\runner.js:789:12
                    at next (C:\Users\digit\Downloads\agibankblog\node_modules\mocha\lib\runner.js:581:14)
                    at C:\Users\digit\Downloads\agibankblog\node_modules\mocha\lib\runner.js:591:7</stack-trace>
            </failure>
        </test-case>
        <test-case start='1678815474701' status='failed' stop='1678815480232'>
            <name>Pesquisar artigos sem texto</name>
            <title>Pesquisar artigos sem texto</title>
            <labels>
                <label name='language' value='javascript'/>
                <label name='framework' value='codeceptjs'/>
            </labels>
            <parameters/>
            <steps>
                <step start='1678815476279' status='passed' stop='1678815479131'>
                    <name>I am on page "/"</name>
                    <title>I am on page "/"</title>
                    <attachments>
                        <attachment title='Screenshot of step I am on page "/"' source='a3a94566-a4e1-41ed-923d-45bd2c1d3ba7-attachment.png' type='image/png' size='1334150'/>
                    </attachments>
                    <steps/>
                </step>
                <step start='1678815479131' status='failed' stop='1678815480232'>
                    <name>search_page: clickSearch </name>
                    <title>search_page: clickSearch </title>
                    <attachments/>
                    <steps>
                        <step start='1678815479131' status='failed' stop='1678815480231'>
                            <name>I click {"css":"[value=\"Pesquisar\"]"}</name>
                            <title>I click {"css":"[value=\"Pesquisar\"]"}</title>
                            <attachments/>
                            <steps/>
                        </step>
                    </steps>
                </step>
            </steps>
            <attachments/>
            <failure>
                <message>element not interactable
                  (Session info: headless chrome=111.0.5563.65)</message>
                <stack-trace>element not interactable: element not interactable
                  (Session info: headless chrome=111.0.5563.65)
                    at Object.getErrorFromResponseBody (C:\Users\digit\Downloads\agibankblog\node_modules\webdriver\build\utils.js:94:12)
                    at WebDriverRequest._request (C:\Users\digit\Downloads\agibankblog\node_modules\webdriver\build\request.js:134:31)
                    at process.processTicksAndRejections (node:internal/process/task_queues:95:5)
                    at async Browser.wrapCommandFn (C:\Users\digit\Downloads\agibankblog\node_modules\@wdio\utils\build\shim.js:63:29)</stack-trace>
            </failure>
        </test-case>
    </test-cases>
</ns2:test-suite>