<?xml version='1.0'?>
<ns2:test-suite xmlns:ns2='urn:model.allure.qatools.yandex.ru' start='1678816578833' stop='1678816598047'>
    <name>Pesquisa de artigos:</name>
    <title>Pesquisa de artigos:</title>
    <test-cases>
        <test-case start='1678816587568' status='failed' stop='1678816592315'>
            <name>Pesquisar artigos com palavra-chave</name>
            <title>Pesquisar artigos com palavra-chave</title>
            <labels>
                <label name='language' value='javascript'/>
                <label name='framework' value='codeceptjs'/>
            </labels>
            <parameters/>
            <steps>
                <step start='1678816589427' status='passed' stop='1678816592313'>
                    <name>I am on page "/"</name>
                    <title>I am on page "/"</title>
                    <attachments>
                        <attachment title='Screenshot of step I am on page "/"' source='04d65f76-0175-442c-802c-77dcbc71d23c-attachment.png' type='image/png' size='1374273'/>
                    </attachments>
                    <steps/>
                </step>
            </steps>
            <attachments/>
            <failure>
                <message>text is not defined</message>
                <stack-trace>ReferenceError: text is not defined
                    at Object.searchFor (C:\Users\digit\Downloads\agibankblog\pages\search_page.js:11:42)
                    at MetaStep.run (C:\Users\digit\Downloads\agibankblog\node_modules\codeceptjs\lib\step.js:285:21)
                    at Test.&lt;anonymous> (C:\Users\digit\Downloads\agibankblog\steps\search_test.js:10:15)
                    at test.fn (C:\Users\digit\Downloads\agibankblog\node_modules\codeceptjs\lib\scenario.js:92:14)
                    at callFnAsync (C:\Users\digit\Downloads\agibankblog\node_modules\mocha\lib\runnable.js:394:21)
                    at Runnable.run (C:\Users\digit\Downloads\agibankblog\node_modules\mocha\lib\runnable.js:338:7)
                    at Runner.runTest (C:\Users\digit\Downloads\agibankblog\node_modules\mocha\lib\runner.js:666:10)
                    at C:\Users\digit\Downloads\agibankblog\node_modules\mocha\lib\runner.js:789:12
                    at next (C:\Users\digit\Downloads\agibankblog\node_modules\mocha\lib\runner.js:581:14)
                    at C:\Users\digit\Downloads\agibankblog\node_modules\mocha\lib\runner.js:591:7</stack-trace>
            </failure>
        </test-case>
        <test-case start='1678816592336' status='failed' stop='1678816598023'>
            <name>Pesquisar artigos sem texto</name>
            <title>Pesquisar artigos sem texto</title>
            <labels>
                <label name='language' value='javascript'/>
                <label name='framework' value='codeceptjs'/>
            </labels>
            <parameters/>
            <steps>
                <step start='1678816593912' status='passed' stop='1678816596864'>
                    <name>I am on page "/"</name>
                    <title>I am on page "/"</title>
                    <attachments>
                        <attachment title='Screenshot of step I am on page "/"' source='1ecf92f8-ac9c-4ac4-9641-260444b42bc2-attachment.png' type='image/png' size='1580867'/>
                    </attachments>
                    <steps/>
                </step>
                <step start='1678816596865' status='failed' stop='1678816598023'>
                    <name>search_page: clickSearch </name>
                    <title>search_page: clickSearch </title>
                    <attachments/>
                    <steps>
                        <step start='1678816596865' status='failed' stop='1678816598022'>
                            <name>I click {"css":"[type=\"submit\"]"}</name>
                            <title>I click {"css":"[type=\"submit\"]"}</title>
                            <attachments/>
                            <steps/>
                        </step>
                    </steps>
                </step>
            </steps>
            <attachments/>
            <failure>
                <message>element not interactable
                  (Session info: headless chrome=111.0.5563.65)</message>
                <stack-trace>element not interactable: element not interactable
                  (Session info: headless chrome=111.0.5563.65)
                    at Object.getErrorFromResponseBody (C:\Users\digit\Downloads\agibankblog\node_modules\webdriver\build\utils.js:94:12)
                    at WebDriverRequest._request (C:\Users\digit\Downloads\agibankblog\node_modules\webdriver\build\request.js:134:31)
                    at process.processTicksAndRejections (node:internal/process/task_queues:95:5)
                    at async Browser.wrapCommandFn (C:\Users\digit\Downloads\agibankblog\node_modules\@wdio\utils\build\shim.js:63:29)</stack-trace>
            </failure>
        </test-case>
    </test-cases>
</ns2:test-suite>