<?xml version='1.0'?>
<ns2:test-suite xmlns:ns2='urn:model.allure.qatools.yandex.ru' start='1678818622437' stop='1678818648366'>
    <name>Pesquisa de artigos:</name>
    <title>Pesquisa de artigos:</title>
    <test-cases>
        <test-case start='1678818631948' status='failed' stop='1678818642173'>
            <name>Pesquisar artigos com palavra-chave</name>
            <title>Pesquisar artigos com palavra-chave</title>
            <labels>
                <label name='language' value='javascript'/>
                <label name='framework' value='codeceptjs'/>
            </labels>
            <parameters/>
            <steps>
                <step start='1678818633809' status='failed' stop='1678818642173'>
                    <name>search_page: searchOpen </name>
                    <title>search_page: searchOpen </title>
                    <attachments/>
                    <steps>
                        <step start='1678818633809' status='passed' stop='1678818640242'>
                            <name>I am on page "/"</name>
                            <title>I am on page "/"</title>
                            <attachments>
                                <attachment title='Screenshot of step I am on page "/"' source='f1dd3f30-44fc-43e1-99c0-9188dbe873bb-attachment.png' type='image/png' size='1532484'/>
                            </attachments>
                            <steps/>
                        </step>
                        <step start='1678818640243' status='passed' stop='1678818641151'>
                            <name>I wait for element "#search-open", 5</name>
                            <title>I wait for element "#search-open", 5</title>
                            <attachments>
                                <attachment title='Screenshot of step I wait for element "#search-open", 5' source='c13e4efa-54c3-40ea-b512-d4331d6bd130-attachment.png' type='image/png' size='1672315'/>
                            </attachments>
                            <steps/>
                        </step>
                        <step start='1678818641152' status='failed' stop='1678818642172'>
                            <name>I click "#search-open"</name>
                            <title>I click "#search-open"</title>
                            <attachments/>
                            <steps/>
                        </step>
                    </steps>
                </step>
            </steps>
            <attachments/>
            <failure>
                <message>element not interactable
                  (Session info: headless chrome=111.0.5563.65)</message>
                <stack-trace>element not interactable: element not interactable
                  (Session info: headless chrome=111.0.5563.65)
                    at Object.getErrorFromResponseBody (C:\Users\digit\Downloads\agibankblog\node_modules\webdriver\build\utils.js:94:12)
                    at WebDriverRequest._request (C:\Users\digit\Downloads\agibankblog\node_modules\webdriver\build\request.js:134:31)
                    at process.processTicksAndRejections (node:internal/process/task_queues:95:5)
                    at async Browser.wrapCommandFn (C:\Users\digit\Downloads\agibankblog\node_modules\@wdio\utils\build\shim.js:63:29)</stack-trace>
            </failure>
        </test-case>
        <test-case start='1678818642198' status='failed' stop='1678818648349'>
            <name>Pesquisar artigos sem texto</name>
            <title>Pesquisar artigos sem texto</title>
            <labels>
                <label name='language' value='javascript'/>
                <label name='framework' value='codeceptjs'/>
            </labels>
            <parameters/>
            <steps>
                <step start='1678818645363' status='failed' stop='1678818648349'>
                    <name>search_page: searchOpen </name>
                    <title>search_page: searchOpen </title>
                    <attachments/>
                    <steps>
                        <step start='1678818645363' status='passed' stop='1678818647292'>
                            <name>I am on page "/"</name>
                            <title>I am on page "/"</title>
                            <attachments/>
                            <steps/>
                        </step>
                        <step start='1678818647292' status='passed' stop='1678818647309'>
                            <name>I wait for element "#search-open", 5</name>
                            <title>I wait for element "#search-open", 5</title>
                            <attachments/>
                            <steps/>
                        </step>
                        <step start='1678818647309' status='failed' stop='1678818648349'>
                            <name>I click "#search-open"</name>
                            <title>I click "#search-open"</title>
                            <attachments/>
                            <steps/>
                        </step>
                    </steps>
                </step>
            </steps>
            <attachments/>
            <failure>
                <message>element not interactable
                  (Session info: headless chrome=111.0.5563.65)</message>
                <stack-trace>element not interactable: element not interactable
                  (Session info: headless chrome=111.0.5563.65)
                    at Object.getErrorFromResponseBody (C:\Users\digit\Downloads\agibankblog\node_modules\webdriver\build\utils.js:94:12)
                    at WebDriverRequest._request (C:\Users\digit\Downloads\agibankblog\node_modules\webdriver\build\request.js:134:31)
                    at process.processTicksAndRejections (node:internal/process/task_queues:95:5)
                    at async Browser.wrapCommandFn (C:\Users\digit\Downloads\agibankblog\node_modules\@wdio\utils\build\shim.js:63:29)</stack-trace>
            </failure>
        </test-case>
    </test-cases>
</ns2:test-suite>