<?xml version='1.0'?>
<ns2:test-suite xmlns:ns2='urn:model.allure.qatools.yandex.ru' start='1678817762781' stop='1678817795364'>
    <name>Pesquisa de artigos:</name>
    <title>Pesquisa de artigos:</title>
    <test-cases>
        <test-case start='1678817779331' status='failed' stop='1678817788943'>
            <name>Pesquisar artigos com palavra-chave</name>
            <title>Pesquisar artigos com palavra-chave</title>
            <labels>
                <label name='language' value='javascript'/>
                <label name='framework' value='codeceptjs'/>
            </labels>
            <parameters/>
            <steps>
                <step start='1678817781219' status='failed' stop='1678817788943'>
                    <name>search_page: searchOpen </name>
                    <title>search_page: searchOpen </title>
                    <attachments/>
                    <steps>
                        <step start='1678817781219' status='passed' stop='1678817787883'>
                            <name>I am on page "/"</name>
                            <title>I am on page "/"</title>
                            <attachments>
                                <attachment title='Screenshot of step I am on page "/"' source='cfee014f-9aea-49d4-80a9-143f9a71e7f3-attachment.png' type='image/png' size='1286830'/>
                            </attachments>
                            <steps/>
                        </step>
                        <step start='1678817787884' status='failed' stop='1678817788942'>
                            <name>I click "#search-open"</name>
                            <title>I click "#search-open"</title>
                            <attachments/>
                            <steps/>
                        </step>
                    </steps>
                </step>
            </steps>
            <attachments/>
            <failure>
                <message>element not interactable
                  (Session info: headless chrome=111.0.5563.65)</message>
                <stack-trace>element not interactable: element not interactable
                  (Session info: headless chrome=111.0.5563.65)
                    at Object.getErrorFromResponseBody (C:\Users\digit\Downloads\agibankblog\node_modules\webdriver\build\utils.js:94:12)
                    at WebDriverRequest._request (C:\Users\digit\Downloads\agibankblog\node_modules\webdriver\build\request.js:134:31)
                    at process.processTicksAndRejections (node:internal/process/task_queues:95:5)
                    at async Browser.wrapCommandFn (C:\Users\digit\Downloads\agibankblog\node_modules\@wdio\utils\build\shim.js:63:29)</stack-trace>
            </failure>
        </test-case>
        <test-case start='1678817788968' status='failed' stop='1678817795345'>
            <name>Pesquisar artigos sem texto</name>
            <title>Pesquisar artigos sem texto</title>
            <labels>
                <label name='language' value='javascript'/>
                <label name='framework' value='codeceptjs'/>
            </labels>
            <parameters/>
            <steps>
                <step start='1678817792086' status='failed' stop='1678817795345'>
                    <name>search_page: searchOpen </name>
                    <title>search_page: searchOpen </title>
                    <attachments/>
                    <steps>
                        <step start='1678817792086' status='passed' stop='1678817794326'>
                            <name>I am on page "/"</name>
                            <title>I am on page "/"</title>
                            <attachments/>
                            <steps/>
                        </step>
                        <step start='1678817794327' status='failed' stop='1678817795345'>
                            <name>I click "#search-open"</name>
                            <title>I click "#search-open"</title>
                            <attachments/>
                            <steps/>
                        </step>
                    </steps>
                </step>
            </steps>
            <attachments/>
            <failure>
                <message>element not interactable
                  (Session info: headless chrome=111.0.5563.65)</message>
                <stack-trace>element not interactable: element not interactable
                  (Session info: headless chrome=111.0.5563.65)
                    at Object.getErrorFromResponseBody (C:\Users\digit\Downloads\agibankblog\node_modules\webdriver\build\utils.js:94:12)
                    at WebDriverRequest._request (C:\Users\digit\Downloads\agibankblog\node_modules\webdriver\build\request.js:134:31)
                    at process.processTicksAndRejections (node:internal/process/task_queues:95:5)
                    at async Browser.wrapCommandFn (C:\Users\digit\Downloads\agibankblog\node_modules\@wdio\utils\build\shim.js:63:29)</stack-trace>
            </failure>
        </test-case>
    </test-cases>
</ns2:test-suite>