<?xml version='1.0'?>
<ns2:test-suite xmlns:ns2='urn:model.allure.qatools.yandex.ru' start='1678816290187' stop='1678816322030'>
    <name>Pesquisa de artigos:</name>
    <title>Pesquisa de artigos:</title>
    <test-cases>
        <test-case start='1678816309826' status='failed' stop='1678816316010'>
            <name>Pesquisar artigos com palavra-chave</name>
            <title>Pesquisar artigos com palavra-chave</title>
            <labels>
                <label name='language' value='javascript'/>
                <label name='framework' value='codeceptjs'/>
            </labels>
            <parameters/>
            <steps>
                <step start='1678816311665' status='passed' stop='1678816316008'>
                    <name>I am on page "/"</name>
                    <title>I am on page "/"</title>
                    <attachments>
                        <attachment title='Screenshot of step I am on page "/"' source='327648d7-4a57-43de-bdb9-b6b350a35197-attachment.png' type='image/png' size='1528019'/>
                    </attachments>
                    <steps/>
                </step>
            </steps>
            <attachments/>
            <failure>
                <message>text is not defined</message>
                <stack-trace>ReferenceError: text is not defined
                    at Object.searchFor (C:\Users\digit\Downloads\agibankblog\pages\search_page.js:11:42)
                    at MetaStep.run (C:\Users\digit\Downloads\agibankblog\node_modules\codeceptjs\lib\step.js:285:21)
                    at Test.&lt;anonymous> (C:\Users\digit\Downloads\agibankblog\steps\search_test.js:10:15)
                    at test.fn (C:\Users\digit\Downloads\agibankblog\node_modules\codeceptjs\lib\scenario.js:92:14)
                    at callFnAsync (C:\Users\digit\Downloads\agibankblog\node_modules\mocha\lib\runnable.js:394:21)
                    at Runnable.run (C:\Users\digit\Downloads\agibankblog\node_modules\mocha\lib\runnable.js:338:7)
                    at Runner.runTest (C:\Users\digit\Downloads\agibankblog\node_modules\mocha\lib\runner.js:666:10)
                    at C:\Users\digit\Downloads\agibankblog\node_modules\mocha\lib\runner.js:789:12
                    at next (C:\Users\digit\Downloads\agibankblog\node_modules\mocha\lib\runner.js:581:14)
                    at C:\Users\digit\Downloads\agibankblog\node_modules\mocha\lib\runner.js:591:7</stack-trace>
            </failure>
        </test-case>
        <test-case start='1678816316034' status='failed' stop='1678816322007'>
            <name>Pesquisar artigos sem texto</name>
            <title>Pesquisar artigos sem texto</title>
            <labels>
                <label name='language' value='javascript'/>
                <label name='framework' value='codeceptjs'/>
            </labels>
            <parameters/>
            <steps>
                <step start='1678816317608' status='passed' stop='1678816321000'>
                    <name>I am on page "/"</name>
                    <title>I am on page "/"</title>
                    <attachments>
                        <attachment title='Screenshot of step I am on page "/"' source='a972a068-dd3b-4542-8cdb-26ed2a4e4109-attachment.png' type='image/png' size='1476370'/>
                    </attachments>
                    <steps/>
                </step>
                <step start='1678816321001' status='failed' stop='1678816322007'>
                    <name>search_page: searchOpen </name>
                    <title>search_page: searchOpen </title>
                    <attachments/>
                    <steps>
                        <step start='1678816321001' status='failed' stop='1678816322006'>
                            <name>I click "#search-open"</name>
                            <title>I click "#search-open"</title>
                            <attachments/>
                            <steps/>
                        </step>
                    </steps>
                </step>
            </steps>
            <attachments/>
            <failure>
                <message>element not interactable
                  (Session info: headless chrome=111.0.5563.65)</message>
                <stack-trace>element not interactable: element not interactable
                  (Session info: headless chrome=111.0.5563.65)
                    at Object.getErrorFromResponseBody (C:\Users\digit\Downloads\agibankblog\node_modules\webdriver\build\utils.js:94:12)
                    at WebDriverRequest._request (C:\Users\digit\Downloads\agibankblog\node_modules\webdriver\build\request.js:134:31)
                    at process.processTicksAndRejections (node:internal/process/task_queues:95:5)
                    at async Browser.wrapCommandFn (C:\Users\digit\Downloads\agibankblog\node_modules\@wdio\utils\build\shim.js:63:29)</stack-trace>
            </failure>
        </test-case>
    </test-cases>
</ns2:test-suite>